<?xml version="1.0" encoding="UTF-8"?>
<testsuite xmlns:xsi="http://www.w3.org/2001/XMLSchema-instance" xsi:schemaLocation="https://maven.apache.org/surefire/maven-surefire-plugin/xsd/surefire-test-report.xsd" name="org.apache.servicecomb.foundation.vertx.http.TestAbstractHttpServletRequest" time="0.696" tests="66" errors="0" skipped="0" failures="0">
  <properties>
    <property name="java.runtime.name" value="Java(TM) SE Runtime Environment"/>
    <property name="sun.boot.library.path" value="/Library/Java/JavaVirtualMachines/jdk1.8.0_161.jdk/Contents/Home/jre/lib"/>
    <property name="java.vm.version" value="25.161-b12"/>
    <property name="user.country.format" value="US_POSIX"/>
    <property name="gopherProxySet" value="false"/>
    <property name="java.vm.vendor" value="Oracle Corporation"/>
    <property name="maven.multiModuleProjectDirectory" value="/Volumes/256G/imlidian/chassis/incubator-servicecomb-java-chassis"/>
    <property name="java.vendor.url" value="http://java.oracle.com/"/>
    <property name="path.separator" value=":"/>
    <property name="guice.disable.misplaced.annotation.check" value="true"/>
    <property name="java.vm.name" value="Java HotSpot(TM) 64-Bit Server VM"/>
    <property name="file.encoding.pkg" value="sun.io"/>
    <property name="user.country" value="US"/>
    <property name="sun.java.launcher" value="SUN_STANDARD"/>
    <property name="sun.os.patch.level" value="unknown"/>
    <property name="java.vm.specification.name" value="Java Virtual Machine Specification"/>
    <property name="user.dir" value="/Volumes/256G/imlidian/chassis/incubator-servicecomb-java-chassis"/>
    <property name="java.runtime.version" value="1.8.0_161-b12"/>
    <property name="java.awt.graphicsenv" value="sun.awt.CGraphicsEnvironment"/>
    <property name="java.endorsed.dirs" value="/Library/Java/JavaVirtualMachines/jdk1.8.0_161.jdk/Contents/Home/jre/lib/endorsed"/>
    <property name="os.arch" value="x86_64"/>
    <property name="java.io.tmpdir" value="/var/folders/yg/k9mbv8zn0lb7tzryj940y2tr0000gn/T/"/>
    <property name="line.separator" value="&#10;"/>
    <property name="java.vm.specification.vendor" value="Oracle Corporation"/>
    <property name="os.name" value="Mac OS X"/>
    <property name="classworlds.conf" value="/Users/dean/Documents/Softwere/apache-maven-3.5.2/bin/m2.conf"/>
    <property name="sun.jnu.encoding" value="UTF-8"/>
    <property name="java.library.path" value="/Users/dean/Library/Java/Extensions:/Library/Java/Extensions:/Network/Library/Java/Extensions:/System/Library/Java/Extensions:/usr/lib/java:."/>
    <property name="maven.conf" value="/Users/dean/Documents/Softwere/apache-maven-3.5.2/conf"/>
    <property name="java.specification.name" value="Java Platform API Specification"/>
    <property name="java.class.version" value="52.0"/>
    <property name="sun.management.compiler" value="HotSpot 64-Bit Tiered Compilers"/>
    <property name="os.version" value="10.13.3"/>
    <property name="library.jansi.path" value="/Users/dean/Documents/Softwere/apache-maven-3.5.2/lib/jansi-native"/>
    <property name="user.home" value="/Users/dean"/>
    <property name="user.timezone" value="Asia/Shanghai"/>
    <property name="java.awt.printerjob" value="sun.lwawt.macosx.CPrinterJob"/>
    <property name="java.specification.version" value="1.8"/>
    <property name="file.encoding" value="UTF-8"/>
    <property name="user.name" value="dean"/>
    <property name="java.class.path" value="/Users/dean/Documents/Softwere/apache-maven-3.5.2/boot/plexus-classworlds-2.5.2.jar"/>
    <property name="java.vm.specification.version" value="1.8"/>
    <property name="sun.arch.data.model" value="64"/>
    <property name="java.home" value="/Library/Java/JavaVirtualMachines/jdk1.8.0_161.jdk/Contents/Home/jre"/>
    <property name="sun.java.command" value="org.codehaus.plexus.classworlds.launcher.Launcher clean install"/>
    <property name="java.specification.vendor" value="Oracle Corporation"/>
    <property name="user.language" value="en"/>
    <property name="awt.toolkit" value="sun.lwawt.macosx.LWCToolkit"/>
    <property name="java.vm.info" value="mixed mode"/>
    <property name="java.version" value="1.8.0_161"/>
    <property name="java.ext.dirs" value="/Users/dean/Library/Java/Extensions:/Library/Java/JavaVirtualMachines/jdk1.8.0_161.jdk/Contents/Home/jre/lib/ext:/Library/Java/Extensions:/Network/Library/Java/Extensions:/System/Library/Java/Extensions:/usr/lib/java"/>
    <property name="sun.boot.class.path" value="/Library/Java/JavaVirtualMachines/jdk1.8.0_161.jdk/Contents/Home/jre/lib/resources.jar:/Library/Java/JavaVirtualMachines/jdk1.8.0_161.jdk/Contents/Home/jre/lib/rt.jar:/Library/Java/JavaVirtualMachines/jdk1.8.0_161.jdk/Contents/Home/jre/lib/sunrsasign.jar:/Library/Java/JavaVirtualMachines/jdk1.8.0_161.jdk/Contents/Home/jre/lib/jsse.jar:/Library/Java/JavaVirtualMachines/jdk1.8.0_161.jdk/Contents/Home/jre/lib/jce.jar:/Library/Java/JavaVirtualMachines/jdk1.8.0_161.jdk/Contents/Home/jre/lib/charsets.jar:/Library/Java/JavaVirtualMachines/jdk1.8.0_161.jdk/Contents/Home/jre/lib/jfr.jar:/Library/Java/JavaVirtualMachines/jdk1.8.0_161.jdk/Contents/Home/jre/classes"/>
    <property name="java.vendor" value="Oracle Corporation"/>
    <property name="maven.home" value="/Users/dean/Documents/Softwere/apache-maven-3.5.2"/>
    <property name="file.separator" value="/"/>
    <property name="java.vendor.url.bug" value="http://bugreport.sun.com/bugreport/"/>
    <property name="sun.cpu.endian" value="little"/>
    <property name="sun.io.unicode.encoding" value="UnicodeBig"/>
    <property name="sun.cpu.isalist" value=""/>
  </properties>
  <testcase name="testGetUserPrincipal" classname="org.apache.servicecomb.foundation.vertx.http.TestAbstractHttpServletRequest" time="0.043"/>
  <testcase name="testGetContentLengthLong" classname="org.apache.servicecomb.foundation.vertx.http.TestAbstractHttpServletRequest" time="0.001"/>
  <testcase name="testGetContextPath" classname="org.apache.servicecomb.foundation.vertx.http.TestAbstractHttpServletRequest" time="0.001"/>
  <testcase name="testGetSession" classname="org.apache.servicecomb.foundation.vertx.http.TestAbstractHttpServletRequest" time="0.001"/>
  <testcase name="testGetParameterValues" classname="org.apache.servicecomb.foundation.vertx.http.TestAbstractHttpServletRequest" time="0.001"/>
  <testcase name="testGetRemoteAddr" classname="org.apache.servicecomb.foundation.vertx.http.TestAbstractHttpServletRequest" time="0"/>
  <testcase name="testGetRemoteHost" classname="org.apache.servicecomb.foundation.vertx.http.TestAbstractHttpServletRequest" time="0"/>
  <testcase name="testGetRemotePort" classname="org.apache.servicecomb.foundation.vertx.http.TestAbstractHttpServletRequest" time="0"/>
  <testcase name="testGetRemoteUser" classname="org.apache.servicecomb.foundation.vertx.http.TestAbstractHttpServletRequest" time="0.001"/>
  <testcase name="testGetPathInfo" classname="org.apache.servicecomb.foundation.vertx.http.TestAbstractHttpServletRequest" time="0.001"/>
  <testcase name="testGetRequestedSessionId" classname="org.apache.servicecomb.foundation.vertx.http.TestAbstractHttpServletRequest" time="0.001"/>
  <testcase name="testIsAsyncStarted" classname="org.apache.servicecomb.foundation.vertx.http.TestAbstractHttpServletRequest" time="0.001"/>
  <testcase name="testGetParts" classname="org.apache.servicecomb.foundation.vertx.http.TestAbstractHttpServletRequest" time="0.001"/>
  <testcase name="testGetPathTranslated" classname="org.apache.servicecomb.foundation.vertx.http.TestAbstractHttpServletRequest" time="0"/>
  <testcase name="testAuthenticate" classname="org.apache.servicecomb.foundation.vertx.http.TestAbstractHttpServletRequest" time="0.001"/>
  <testcase name="testGetParameterNames" classname="org.apache.servicecomb.foundation.vertx.http.TestAbstractHttpServletRequest" time="0"/>
  <testcase name="testGetAuthType" classname="org.apache.servicecomb.foundation.vertx.http.TestAbstractHttpServletRequest" time="0.001"/>
  <testcase name="testIsAsyncSupported" classname="org.apache.servicecomb.foundation.vertx.http.TestAbstractHttpServletRequest" time="0"/>
  <testcase name="testGetParameter" classname="org.apache.servicecomb.foundation.vertx.http.TestAbstractHttpServletRequest" time="0"/>
  <testcase name="testLogin" classname="org.apache.servicecomb.foundation.vertx.http.TestAbstractHttpServletRequest" time="0.001"/>
  <testcase name="testGetServletPath" classname="org.apache.servicecomb.foundation.vertx.http.TestAbstractHttpServletRequest" time="0"/>
  <testcase name="testGetHeaderNames" classname="org.apache.servicecomb.foundation.vertx.http.TestAbstractHttpServletRequest" time="0.001"/>
  <testcase name="testIsRequestedSessionIdFromURL" classname="org.apache.servicecomb.foundation.vertx.http.TestAbstractHttpServletRequest" time="0"/>
  <testcase name="testIsRequestedSessionIdFromUrl" classname="org.apache.servicecomb.foundation.vertx.http.TestAbstractHttpServletRequest" time="0.001"/>
  <testcase name="testUpgrade" classname="org.apache.servicecomb.foundation.vertx.http.TestAbstractHttpServletRequest" time="0"/>
  <testcase name="testGetPart" classname="org.apache.servicecomb.foundation.vertx.http.TestAbstractHttpServletRequest" time="0.001"/>
  <testcase name="testSetCharacterEncoding" classname="org.apache.servicecomb.foundation.vertx.http.TestAbstractHttpServletRequest" time="0"/>
  <testcase name="testGetServerName" classname="org.apache.servicecomb.foundation.vertx.http.TestAbstractHttpServletRequest" time="0"/>
  <testcase name="testGetServerPort" classname="org.apache.servicecomb.foundation.vertx.http.TestAbstractHttpServletRequest" time="0.001"/>
  <testcase name="testGetLocalAddr" classname="org.apache.servicecomb.foundation.vertx.http.TestAbstractHttpServletRequest" time="0"/>
  <testcase name="testGetLocalName" classname="org.apache.servicecomb.foundation.vertx.http.TestAbstractHttpServletRequest" time="0"/>
  <testcase name="testGetLocalPort" classname="org.apache.servicecomb.foundation.vertx.http.TestAbstractHttpServletRequest" time="0.001"/>
  <testcase name="testGetParameterMap" classname="org.apache.servicecomb.foundation.vertx.http.TestAbstractHttpServletRequest" time="0"/>
  <testcase name="testGetRequestDispatcher" classname="org.apache.servicecomb.foundation.vertx.http.TestAbstractHttpServletRequest" time="0"/>
  <testcase name="testGetSessionWithParam" classname="org.apache.servicecomb.foundation.vertx.http.TestAbstractHttpServletRequest" time="0.001"/>
  <testcase name="testChangeSessionId" classname="org.apache.servicecomb.foundation.vertx.http.TestAbstractHttpServletRequest" time="0"/>
  <testcase name="testStartAsyncWithParam" classname="org.apache.servicecomb.foundation.vertx.http.TestAbstractHttpServletRequest" time="0.001"/>
  <testcase name="testIsUserInRole" classname="org.apache.servicecomb.foundation.vertx.http.TestAbstractHttpServletRequest" time="0"/>
  <testcase name="testGetCharacterEncoding" classname="org.apache.servicecomb.foundation.vertx.http.TestAbstractHttpServletRequest" time="0.001"/>
  <testcase name="testGetAsyncContext" classname="org.apache.servicecomb.foundation.vertx.http.TestAbstractHttpServletRequest" time="0.001"/>
  <testcase name="testGetProtocol" classname="org.apache.servicecomb.foundation.vertx.http.TestAbstractHttpServletRequest" time="0"/>
  <testcase name="testIsSecure" classname="org.apache.servicecomb.foundation.vertx.http.TestAbstractHttpServletRequest" time="0.001"/>
  <testcase name="testIsRequestedSessionIdValid" classname="org.apache.servicecomb.foundation.vertx.http.TestAbstractHttpServletRequest" time="0"/>
  <testcase name="testGetRealPath" classname="org.apache.servicecomb.foundation.vertx.http.TestAbstractHttpServletRequest" time="0.001"/>
  <testcase name="testGetLocales" classname="org.apache.servicecomb.foundation.vertx.http.TestAbstractHttpServletRequest" time="0"/>
  <testcase name="testGetIntHeader" classname="org.apache.servicecomb.foundation.vertx.http.TestAbstractHttpServletRequest" time="0"/>
  <testcase name="testAttribute" classname="org.apache.servicecomb.foundation.vertx.http.TestAbstractHttpServletRequest" time="0.003"/>
  <testcase name="testGetDispatcherType" classname="org.apache.servicecomb.foundation.vertx.http.TestAbstractHttpServletRequest" time="0"/>
  <testcase name="testIsRequestedSessionIdFromCookie" classname="org.apache.servicecomb.foundation.vertx.http.TestAbstractHttpServletRequest" time="0"/>
  <testcase name="testGetServletContext" classname="org.apache.servicecomb.foundation.vertx.http.TestAbstractHttpServletRequest" time="0"/>
  <testcase name="testGetHeaders" classname="org.apache.servicecomb.foundation.vertx.http.TestAbstractHttpServletRequest" time="0"/>
  <testcase name="testGetQueryString" classname="org.apache.servicecomb.foundation.vertx.http.TestAbstractHttpServletRequest" time="0"/>
  <testcase name="testGetHeader" classname="org.apache.servicecomb.foundation.vertx.http.TestAbstractHttpServletRequest" time="0.001"/>
  <testcase name="testGetLocale" classname="org.apache.servicecomb.foundation.vertx.http.TestAbstractHttpServletRequest" time="0"/>
  <testcase name="testGetCookies" classname="org.apache.servicecomb.foundation.vertx.http.TestAbstractHttpServletRequest" time="0.001"/>
  <testcase name="testGetMethod" classname="org.apache.servicecomb.foundation.vertx.http.TestAbstractHttpServletRequest" time="0"/>
  <testcase name="testGetReader" classname="org.apache.servicecomb.foundation.vertx.http.TestAbstractHttpServletRequest" time="0"/>
  <testcase name="testGetScheme" classname="org.apache.servicecomb.foundation.vertx.http.TestAbstractHttpServletRequest" time="0"/>
  <testcase name="testLogout" classname="org.apache.servicecomb.foundation.vertx.http.TestAbstractHttpServletRequest" time="0.001"/>
  <testcase name="testGetContentLength" classname="org.apache.servicecomb.foundation.vertx.http.TestAbstractHttpServletRequest" time="0"/>
  <testcase name="testGetRequestURI" classname="org.apache.servicecomb.foundation.vertx.http.TestAbstractHttpServletRequest" time="0.001"/>
  <testcase name="testGetRequestURL" classname="org.apache.servicecomb.foundation.vertx.http.TestAbstractHttpServletRequest" time="0"/>
  <testcase name="testGetDateHeader" classname="org.apache.servicecomb.foundation.vertx.http.TestAbstractHttpServletRequest" time="0"/>
  <testcase name="testStartAsync" classname="org.apache.servicecomb.foundation.vertx.http.TestAbstractHttpServletRequest" time="0"/>
  <testcase name="testGetContentType" classname="org.apache.servicecomb.foundation.vertx.http.TestAbstractHttpServletRequest" time="0.001"/>
  <testcase name="testGetInputStream" classname="org.apache.servicecomb.foundation.vertx.http.TestAbstractHttpServletRequest" time="0"/>
</testsuite>